[debug] [2020-08-27T16:15:54.313Z] ----------------------------------------------------------------------
[debug] [2020-08-27T16:15:54.318Z] Command:       C:\Program Files\nodejs\node.exe C:\Users\andre\AppData\Roaming\npm\node_modules\firebase-tools\lib\bin\firebase.js deploy --only hosting
[debug] [2020-08-27T16:15:54.319Z] CLI Version:   8.8.0
[debug] [2020-08-27T16:15:54.319Z] Platform:      win32
[debug] [2020-08-27T16:15:54.319Z] Node Version:  v12.18.3
[debug] [2020-08-27T16:15:54.322Z] Time:          Thu Aug 27 2020 22:15:54 GMT+0600 (GMT+06:00)
[debug] [2020-08-27T16:15:54.323Z] ----------------------------------------------------------------------
[debug] [2020-08-27T16:15:54.323Z] 
[debug] [2020-08-27T16:15:54.356Z] > command requires scopes: ["email","openid","https://www.googleapis.com/auth/cloudplatformprojects.readonly","https://www.googleapis.com/auth/firebase","https://www.googleapis.com/auth/cloud-platform"]
[debug] [2020-08-27T16:15:54.357Z] > authorizing via signed-in user
[debug] [2020-08-27T16:15:54.358Z] [iam] checking project bookingsystem0 for permissions ["firebase.projects.get","firebasehosting.sites.update"]
[debug] [2020-08-27T16:15:54.362Z] > refreshing access token with scopes: ["email","https://www.googleapis.com/auth/cloud-platform","https://www.googleapis.com/auth/cloudplatformprojects.readonly","https://www.googleapis.com/auth/firebase","openid"]
[debug] [2020-08-27T16:15:54.362Z] >>> HTTP REQUEST POST https://www.googleapis.com/oauth2/v3/token  
 <request body omitted>
[debug] [2020-08-27T16:15:54.806Z] <<< HTTP RESPONSE 200 {"content-type":"application/json; charset=utf-8","vary":"X-Origin, Referer, Origin,Accept-Encoding","date":"Thu, 27 Aug 2020 16:15:54 GMT","server":"scaffolding on HTTPServer2","cache-control":"private","x-xss-protection":"0","x-frame-options":"SAMEORIGIN","x-content-type-options":"nosniff","alt-svc":"h3-29=\":443\"; ma=2592000,h3-27=\":443\"; ma=2592000,h3-T051=\":443\"; ma=2592000,h3-T050=\":443\"; ma=2592000,h3-Q050=\":443\"; ma=2592000,h3-Q046=\":443\"; ma=2592000,h3-Q043=\":443\"; ma=2592000,quic=\":443\"; ma=2592000; v=\"46,43\"","accept-ranges":"none","transfer-encoding":"chunked"}
[debug] [2020-08-27T16:15:54.826Z] >>> HTTP REQUEST POST https://cloudresourcemanager.googleapis.com/v1/projects/bookingsystem0:testIamPermissions  
 {"permissions":["firebase.projects.get","firebasehosting.sites.update"]}
[debug] [2020-08-27T16:16:05.942Z] [iam] error while checking permissions, command may fail: FirebaseError: Server Error. getaddrinfo ENOTFOUND cloudresourcemanager.googleapis.com
[debug] [2020-08-27T16:16:05.943Z] >>> HTTP REQUEST GET https://firebase.googleapis.com/v1beta1/projects/bookingsystem0  
 
[debug] [2020-08-27T16:16:06.921Z] <<< HTTP RESPONSE 200 {"content-type":"application/json; charset=UTF-8","vary":"X-Origin, Referer, Origin,Accept-Encoding","date":"Thu, 27 Aug 2020 16:16:06 GMT","server":"ESF","cache-control":"private","x-xss-protection":"0","x-frame-options":"SAMEORIGIN","x-content-type-options":"nosniff","alt-svc":"h3-29=\":443\"; ma=2592000,h3-27=\":443\"; ma=2592000,h3-T051=\":443\"; ma=2592000,h3-T050=\":443\"; ma=2592000,h3-Q050=\":443\"; ma=2592000,h3-Q046=\":443\"; ma=2592000,h3-Q043=\":443\"; ma=2592000,quic=\":443\"; ma=2592000; v=\"46,43\"","accept-ranges":"none","transfer-encoding":"chunked"}
[info] 
[info] === Deploying to 'bookingsystem0'...
[info] 
[info] i  deploying hosting 
[debug] [2020-08-27T16:16:06.943Z] >>> HTTP REQUEST POST https://firebasehosting.googleapis.com/v1beta1/sites/edemdance0/versions  
 {"config":{"rewrites":[{"glob":"**","path":"/index.html"}]},"labels":{"deployment-tool":"cli-firebase"}}
[debug] [2020-08-27T16:16:08.855Z] <<< HTTP RESPONSE 200 {"content-type":"application/json; charset=UTF-8","vary":"X-Origin, Referer, Origin,Accept-Encoding","date":"Thu, 27 Aug 2020 16:16:08 GMT","server":"ESF","cache-control":"private","x-xss-protection":"0","x-frame-options":"SAMEORIGIN","x-content-type-options":"nosniff","alt-svc":"h3-29=\":443\"; ma=2592000,h3-27=\":443\"; ma=2592000,h3-T050=\":443\"; ma=2592000,h3-Q050=\":443\"; ma=2592000,h3-Q046=\":443\"; ma=2592000,h3-Q043=\":443\"; ma=2592000,quic=\":443\"; ma=2592000; v=\"46,43\"","accept-ranges":"none","transfer-encoding":"chunked"}
[info] i  hosting[edemdance0]: beginning deploy... 
[info] i  hosting[edemdance0]: found 114 files in dist 
[debug] [2020-08-27T16:16:10.940Z] [hosting] hash cache [ZGlzdA] stored for 114 files
[debug] [2020-08-27T16:16:10.941Z] [hosting][hash queue][FINAL] {"max":1418,"min":83,"avg":244.95614035087715,"active":0,"complete":114,"success":114,"errored":0,"retried":0,"total":114,"elapsed":1910}
[debug] [2020-08-27T16:16:10.944Z] >>> HTTP REQUEST POST https://firebasehosting.googleapis.com/v1beta1/sites/edemdance0/versions/7181e2f41b7df064:populateFiles  
 <request body omitted>
[debug] [2020-08-27T16:16:15.912Z] <<< HTTP RESPONSE 200 {"content-type":"application/json; charset=UTF-8","vary":"X-Origin, Referer, Origin,Accept-Encoding","date":"Thu, 27 Aug 2020 16:16:15 GMT","server":"ESF","cache-control":"private","x-xss-protection":"0","x-frame-options":"SAMEORIGIN","x-content-type-options":"nosniff","alt-svc":"h3-29=\":443\"; ma=2592000,h3-27=\":443\"; ma=2592000,h3-T050=\":443\"; ma=2592000,h3-Q050=\":443\"; ma=2592000,h3-Q046=\":443\"; ma=2592000,h3-Q043=\":443\"; ma=2592000,quic=\":443\"; ma=2592000; v=\"46,43\"","accept-ranges":"none","transfer-encoding":"chunked"}
[debug] [2020-08-27T16:16:15.918Z] [hosting][populate queue][FINAL] {"max":4978,"min":4978,"avg":4978,"active":0,"complete":1,"success":1,"errored":0,"retried":0,"total":1,"elapsed":4982}
[debug] [2020-08-27T16:16:15.918Z] [hosting] uploads queued: 3
